{"level":"warn","message":"The requested route is /dfsdfsdf with GET method"}
{"level":"warn","message":"The requested route is /infddd with GET method is not implemented"}
{"level":"error"}
{"level":"error"}
{"level":"error","message":"The was an error: Error: Este es un error para loguear"}
{"level":"error","message":"The was an error: Error: Este es un error para loguear"}
{"level":"error","message":"The was an error: Error: Este es un error para loguear"}
{"level":"warn","message":"The requested route is /favicon.ico with GET method is not implemented"}
{"level":"warn","message":"The requested route is /favicon.ico with GET method is not implemented"}
{"level":"warn","message":"The requested route is /favicon.ico with GET method is not implemented"}
{"level":"warn","message":"The requested route is /favicon.ico with GET method is not implemented"}
{"level":"warn","message":"The requested route is /favicon.ico with GET method is not implemented"}
{"level":"warn","message":"The requested route is /index.js with GET method is not implemented"}
{"level":"warn","message":"The requested route is /favicon.ico with GET method is not implemented"}
{"level":"warn","message":"The requested route is /index.js with GET method is not implemented"}
{"level":"warn","message":"The requested route is /favicon.ico with GET method is not implemented"}
{"level":"warn","message":"The requested route is /index.js with GET method is not implemented"}
{"level":"warn","message":"The requested route is /favicon.ico with GET method is not implemented"}
{"level":"warn","message":"The requested route is /index.js with GET method is not implemented"}
{"level":"warn","message":"The requested route is /favicon.ico with GET method is not implemented"}
{"level":"warn","message":"The requested route is /favicon.ico with GET method is not implemented"}
{"level":"warn","message":"The requested route is / with GET method is not implemented"}
{"level":"warn","message":"The requested route is /favicon.ico with GET method is not implemented"}
{"level":"warn","message":"The requested route is /index.js with GET method is not implemented"}
{"level":"warn","message":"The requested route is /favicon.ico with GET method is not implemented"}
{"level":"warn","message":"The requested route is /index.js with GET method is not implemented"}
{"level":"warn","message":"The requested route is /favicon.ico with GET method is not implemented"}
{"level":"warn","message":"The requested route is /index.js with GET method is not implemented"}
{"level":"warn","message":"The requested route is /favicon.ico with GET method is not implemented"}
{"level":"warn","message":"The requested route is /index.js with GET method is not implemented"}
{"level":"warn","message":"The requested route is /favicon.ico with GET method is not implemented"}
{"level":"warn","message":"The requested route is /index.js with GET method is not implemented"}
{"level":"warn","message":"The requested route is /favicon.ico with GET method is not implemented"}
